[matchStats] Sofascore blocked (403): https://api.sofascore.com/api/v1/sport/football/scheduled-events/2025-05-24
[matchStats] No events from Sofascore for 2025-05-24
Compilation error in C:\PersonalProjects\ClaudePractice\server\src\services\matchStatsScraper.ts
Compilation error in C:\PersonalProjects\ClaudePractice\server\src\services\matchStatsScraper.ts
Error: listen EADDRINUSE: address already in use :::3001
    at Server.setupListenHandle [as _listen2] (node:net:1904:16)
    at listenInCluster (node:net:1961:12)
    at Server.listen (node:net:2063:7)
    at Function.listen (C:\PersonalProjects\ClaudePractice\server\node_modules\express\lib\application.js:635:24)
    at Object.<anonymous> (C:\PersonalProjects\ClaudePractice\server\src\index.ts:219:5)
    at Module._compile (node:internal/modules/cjs/loader:1469:14)
    at Module._compile (C:\PersonalProjects\ClaudePractice\server\node_modules\source-map-support\source-map-support.js:568:25)
    at Module.m._compile (C:\Users\tjzha\AppData\Local\Temp\ts-node-dev-hook-09287597429383809.js:69:33)
    at Module._extensions..js (node:internal/modules/cjs/loader:1548:10)
    at require.extensions..jsx.require.extensions..js (C:\Users\tjzha\AppData\Local\Temp\ts-node-dev-hook-09287597429383809.js:114:20)
Error: listen EADDRINUSE: address already in use :::3001
    at Server.setupListenHandle [as _listen2] (node:net:1904:16)
    at listenInCluster (node:net:1961:12)
    at Server.listen (node:net:2063:7)
    at Function.listen (C:\PersonalProjects\ClaudePractice\server\node_modules\express\lib\application.js:635:24)
    at Object.<anonymous> (C:\PersonalProjects\ClaudePractice\server\src\index.ts:219:5)
    at Module._compile (node:internal/modules/cjs/loader:1469:14)
    at Module._compile (C:\PersonalProjects\ClaudePractice\server\node_modules\source-map-support\source-map-support.js:568:25)
    at Module.m._compile (C:\Users\tjzha\AppData\Local\Temp\ts-node-dev-hook-09287597429383809.js:69:33)
    at Module._extensions..js (node:internal/modules/cjs/loader:1548:10)
    at require.extensions..jsx.require.extensions..js (C:\Users\tjzha\AppData\Local\Temp\ts-node-dev-hook-09287597429383809.js:114:20)
Error: listen EADDRINUSE: address already in use :::3001
    at Server.setupListenHandle [as _listen2] (node:net:1904:16)
    at listenInCluster (node:net:1961:12)
    at Server.listen (node:net:2063:7)
    at Function.listen (C:\PersonalProjects\ClaudePractice\server\node_modules\express\lib\application.js:635:24)
    at Object.<anonymous> (C:\PersonalProjects\ClaudePractice\server\src\index.ts:219:5)
    at Module._compile (node:internal/modules/cjs/loader:1469:14)
    at Module._compile (C:\PersonalProjects\ClaudePractice\server\node_modules\source-map-support\source-map-support.js:568:25)
    at Module.m._compile (C:\Users\tjzha\AppData\Local\Temp\ts-node-dev-hook-09287597429383809.js:69:33)
    at Module._extensions..js (node:internal/modules/cjs/loader:1548:10)
    at require.extensions..jsx.require.extensions..js (C:\Users\tjzha\AppData\Local\Temp\ts-node-dev-hook-09287597429383809.js:114:20)
